finSight-android/app/build/intermediates/manifest_merge_blame_file/release/processReleaseMainManifest/manifest-merger-blame-release-report.txt
1<?xml version="1.0" encoding="utf-8"?>
2<!--
3    Copyright 2019 Google Inc. All Rights Reserved.
4
5     Licensed under the Apache License, Version 2.0 (the "License");
6     you may not use this file except in compliance with the License.
7     You may obtain a copy of the License at
8
9         http://www.apache.org/licenses/LICENSE-2.0
10
11     Unless required by applicable law or agreed to in writing, software
12     distributed under the License is distributed on an "AS IS" BASIS,
13     WITHOUT WARRANTIES OR CONDITIONS OF ANY KIND, either express or implied.
14     See the License for the specific language governing permissions and
15     limitations under the License.
16-->
17<!--
18 The "package" attribute is rewritten by the Gradle build with the value of applicationId.
19     It is still required here, as it is used to derive paths, for instance when referring
20     to an Activity by ".MyActivity" instead of the full name. If more Activities are added to the
21     application, the package attribute will need to reflect the correct path in order to use
22     the abbreviated format.
23-->
24<manifest xmlns:android="http://schemas.android.com/apk/res/android"
25    package="com.finsight.app"
26    android:versionCode="1"
27    android:versionName="1" >
28
29    <uses-sdk
30        android:minSdkVersion="21"
31        android:targetSdkVersion="36" />
32
33    <uses-permission android:name="android.permission.POST_NOTIFICATIONS" />
33-->src\main\AndroidManifest.xml:26:9-80
33-->src\main\AndroidManifest.xml:26:26-78
34    <uses-permission android:name="android.permission.RECORD_AUDIO" />
34-->src\main\AndroidManifest.xml:27:9-75
34-->src\main\AndroidManifest.xml:27:26-72
35
36    <queries>
36-->[com.google.androidbrowserhelper:androidbrowserhelper:2.6.2] AndroidManifest.xml:22:5-30:15
37        <intent>
37-->[com.google.androidbrowserhelper:androidbrowserhelper:2.6.2] AndroidManifest.xml:23:9-29:18
38            <action android:name="android.intent.action.VIEW" />
38-->src\main\AndroidManifest.xml:148:17-68
38-->src\main\AndroidManifest.xml:148:25-66
39
40            <category android:name="android.intent.category.BROWSABLE" />
40-->src\main\AndroidManifest.xml:150:17-77
40-->src\main\AndroidManifest.xml:150:27-75
41
42            <data android:scheme="https" />
42-->src\main\AndroidManifest.xml:151:17-154:19
42-->src\main\AndroidManifest.xml:151:23-45
43        </intent>
44    </queries>
45
46    <permission
46-->[androidx.core:core:1.13.0] AndroidManifest.xml:22:5-24:47
47        android:name="com.finsight.app.DYNAMIC_RECEIVER_NOT_EXPORTED_PERMISSION"
47-->[androidx.core:core:1.13.0] AndroidManifest.xml:23:9-81
48        android:protectionLevel="signature" />
48-->[androidx.core:core:1.13.0] AndroidManifest.xml:24:9-44
49
50    <uses-permission android:name="com.finsight.app.DYNAMIC_RECEIVER_NOT_EXPORTED_PERMISSION" />
50-->[androidx.core:core:1.13.0] AndroidManifest.xml:26:5-97
50-->[androidx.core:core:1.13.0] AndroidManifest.xml:26:22-94
51
52    <application
52-->src\main\AndroidManifest.xml:35:5-213:19
53        android:name="com.finsight.app.Application"
53-->src\main\AndroidManifest.xml:36:9-35
54        android:allowBackup="true"
54-->src\main\AndroidManifest.xml:37:9-35
55        android:appComponentFactory="androidx.core.app.CoreComponentFactory"
55-->[androidx.core:core:1.13.0] AndroidManifest.xml:28:18-86
56        android:extractNativeLibs="true"
57        android:icon="@mipmap/ic_launcher"
57-->src\main\AndroidManifest.xml:38:9-43
58        android:label="@string/appName"
58-->src\main\AndroidManifest.xml:39:9-40
59        android:manageSpaceActivity="com.google.androidbrowserhelper.trusted.ManageDataLauncherActivity"
59-->src\main\AndroidManifest.xml:41:9-105
60        android:supportsRtl="true"
60-->src\main\AndroidManifest.xml:43:9-35
61        android:theme="@android:style/Theme.Translucent.NoTitleBar" >
61-->src\main\AndroidManifest.xml:44:9-68
62        <meta-data
62-->src\main\AndroidManifest.xml:46:9-48:58
63            android:name="asset_statements"
63-->src\main\AndroidManifest.xml:47:13-44
64            android:resource="@string/assetStatements" />
64-->src\main\AndroidManifest.xml:48:13-55
65        <meta-data
65-->src\main\AndroidManifest.xml:51:13-53:58
66            android:name="web_manifest_url"
66-->src\main\AndroidManifest.xml:52:17-48
67            android:value="@string/webManifestUrl" />
67-->src\main\AndroidManifest.xml:53:17-55
68        <meta-data
68-->src\main\AndroidManifest.xml:56:9-58:52
69            android:name="twa_generator"
69-->src\main\AndroidManifest.xml:57:13-41
70            android:value="@string/generatorApp" />
70-->src\main\AndroidManifest.xml:58:13-49
71
72        <activity
72-->src\main\AndroidManifest.xml:65:13-76:24
73            android:name="com.google.androidbrowserhelper.trusted.ManageDataLauncherActivity"
73-->src\main\AndroidManifest.xml:65:23-104
74            android:enabled="true"
74-->src\main\AndroidManifest.xml:67:17-39
75            android:excludeFromRecents="true"
75-->src\main\AndroidManifest.xml:68:17-50
76            android:exported="false" >
76-->src\main\AndroidManifest.xml:66:17-41
77            <meta-data
77-->src\main\AndroidManifest.xml:69:17-71:57
78                android:name="android.support.customtabs.trusted.MANAGE_SPACE_URL"
78-->src\main\AndroidManifest.xml:70:21-87
79                android:value="@string/launchUrl" />
79-->src\main\AndroidManifest.xml:71:21-54
80
81            <intent-filter>
81-->src\main\AndroidManifest.xml:72:17-75:33
82                <action android:name="android.intent.action.APPLICATION_PREFERENCES" />
82-->src\main\AndroidManifest.xml:73:21-92
82-->src\main\AndroidManifest.xml:73:29-89
83
84                <category android:name="android.intent.category.DEFAULT" />
84-->src\main\AndroidManifest.xml:74:21-80
84-->src\main\AndroidManifest.xml:74:31-77
85            </intent-filter>
86        </activity>
87        <activity
87-->src\main\AndroidManifest.xml:79:9-160:20
88            android:name="com.finsight.app.LauncherActivity"
88-->src\main\AndroidManifest.xml:79:19-50
89            android:alwaysRetainTaskState="true"
89-->src\main\AndroidManifest.xml:80:13-49
90            android:exported="true"
90-->src\main\AndroidManifest.xml:82:13-36
91            android:label="@string/launcherName" >
91-->src\main\AndroidManifest.xml:81:13-49
92            <meta-data
92-->src\main\AndroidManifest.xml:83:13-84:53
93                android:name="android.support.customtabs.trusted.DEFAULT_URL"
93-->src\main\AndroidManifest.xml:83:24-85
94                android:value="@string/launchUrl" />
94-->src\main\AndroidManifest.xml:84:17-50
95            <meta-data
95-->src\main\AndroidManifest.xml:86:13-88:58
96                android:name="android.support.customtabs.trusted.STATUS_BAR_COLOR"
96-->src\main\AndroidManifest.xml:87:17-83
97                android:resource="@color/colorPrimary" />
97-->src\main\AndroidManifest.xml:88:17-55
98            <meta-data
98-->src\main\AndroidManifest.xml:92:13-94:62
99                android:name="android.support.customtabs.trusted.STATUS_BAR_COLOR_DARK"
99-->src\main\AndroidManifest.xml:93:17-88
100                android:resource="@color/colorPrimaryDark" />
100-->src\main\AndroidManifest.xml:94:17-59
101            <meta-data
101-->src\main\AndroidManifest.xml:96:13-98:61
102                android:name="android.support.customtabs.trusted.NAVIGATION_BAR_COLOR"
102-->src\main\AndroidManifest.xml:97:17-87
103                android:resource="@color/navigationColor" />
103-->src\main\AndroidManifest.xml:98:17-58
104            <meta-data
104-->src\main\AndroidManifest.xml:100:13-102:65
105                android:name="android.support.customtabs.trusted.NAVIGATION_BAR_COLOR_DARK"
105-->src\main\AndroidManifest.xml:101:17-92
106                android:resource="@color/navigationColorDark" />
106-->src\main\AndroidManifest.xml:102:17-62
107            <meta-data
107-->src\main\AndroidManifest.xml:104:13-106:68
108                android:name="androix.browser.trusted.NAVIGATION_BAR_DIVIDER_COLOR"
108-->src\main\AndroidManifest.xml:105:17-84
109                android:resource="@color/navigationDividerColor" />
109-->src\main\AndroidManifest.xml:106:17-65
110            <meta-data
110-->src\main\AndroidManifest.xml:108:13-110:72
111                android:name="androix.browser.trusted.NAVIGATION_BAR_DIVIDER_COLOR_DARK"
111-->src\main\AndroidManifest.xml:109:17-89
112                android:resource="@color/navigationDividerColorDark" />
112-->src\main\AndroidManifest.xml:110:17-69
113            <meta-data
113-->src\main\AndroidManifest.xml:112:13-113:54
114                android:name="android.support.customtabs.trusted.SPLASH_IMAGE_DRAWABLE"
114-->src\main\AndroidManifest.xml:112:24-95
115                android:resource="@drawable/splash" />
115-->src\main\AndroidManifest.xml:113:17-52
116            <meta-data
116-->src\main\AndroidManifest.xml:115:13-116:60
117                android:name="android.support.customtabs.trusted.SPLASH_SCREEN_BACKGROUND_COLOR"
117-->src\main\AndroidManifest.xml:115:24-104
118                android:resource="@color/backgroundColor" />
118-->src\main\AndroidManifest.xml:116:17-58
119            <meta-data
119-->src\main\AndroidManifest.xml:118:13-119:71
120                android:name="android.support.customtabs.trusted.SPLASH_SCREEN_FADE_OUT_DURATION"
120-->src\main\AndroidManifest.xml:118:24-105
121                android:value="@integer/splashScreenFadeOutDuration" />
121-->src\main\AndroidManifest.xml:119:17-69
122            <meta-data
122-->src\main\AndroidManifest.xml:121:13-122:60
123                android:name="android.support.customtabs.trusted.FILE_PROVIDER_AUTHORITY"
123-->src\main\AndroidManifest.xml:121:24-97
124                android:value="@string/providerAuthority" />
124-->src\main\AndroidManifest.xml:122:17-58
125            <meta-data
125-->src\main\AndroidManifest.xml:124:13-97
126                android:name="android.app.shortcuts"
126-->src\main\AndroidManifest.xml:124:24-60
127                android:resource="@xml/shortcuts" />
127-->src\main\AndroidManifest.xml:124:61-94
128            <meta-data
128-->src\main\AndroidManifest.xml:126:13-127:56
129                android:name="android.support.customtabs.trusted.FALLBACK_STRATEGY"
129-->src\main\AndroidManifest.xml:126:24-91
130                android:value="@string/fallbackType" />
130-->src\main\AndroidManifest.xml:127:17-53
131            <meta-data
131-->src\main\AndroidManifest.xml:133:13-134:54
132                android:name="android.support.customtabs.trusted.SCREEN_ORIENTATION"
132-->src\main\AndroidManifest.xml:133:24-92
133                android:value="@string/orientation" />
133-->src\main\AndroidManifest.xml:134:17-52
134
135            <intent-filter>
135-->src\main\AndroidManifest.xml:142:13-145:29
136                <action android:name="android.intent.action.MAIN" />
136-->src\main\AndroidManifest.xml:143:17-69
136-->src\main\AndroidManifest.xml:143:25-66
137
138                <category android:name="android.intent.category.LAUNCHER" />
138-->src\main\AndroidManifest.xml:144:17-77
138-->src\main\AndroidManifest.xml:144:27-74
139            </intent-filter>
140            <intent-filter android:autoVerify="true" >
140-->src\main\AndroidManifest.xml:147:13-155:29
140-->src\main\AndroidManifest.xml:147:28-53
141                <action android:name="android.intent.action.VIEW" />
141-->src\main\AndroidManifest.xml:148:17-68
141-->src\main\AndroidManifest.xml:148:25-66
142
143                <category android:name="android.intent.category.DEFAULT" />
143-->src\main\AndroidManifest.xml:74:21-80
143-->src\main\AndroidManifest.xml:74:31-77
144                <category android:name="android.intent.category.BROWSABLE" />
144-->src\main\AndroidManifest.xml:150:17-77
144-->src\main\AndroidManifest.xml:150:27-75
145
146                <data
146-->src\main\AndroidManifest.xml:151:17-154:19
147                    android:host="@string/hostName"
147-->src\main\AndroidManifest.xml:152:21-52
148                    android:scheme="https" />
148-->src\main\AndroidManifest.xml:151:23-45
149            </intent-filter>
150        </activity>
151        <activity android:name="com.google.androidbrowserhelper.trusted.FocusActivity" />
151-->src\main\AndroidManifest.xml:162:9-90
151-->src\main\AndroidManifest.xml:162:19-87
152        <activity
152-->src\main\AndroidManifest.xml:164:9-165:62
153            android:name="com.google.androidbrowserhelper.trusted.WebViewFallbackActivity"
153-->src\main\AndroidManifest.xml:164:19-97
154            android:configChanges="orientation|screenSize" />
154-->src\main\AndroidManifest.xml:165:13-59
155
156        <provider
156-->src\main\AndroidManifest.xml:167:9-175:20
157            android:name="androidx.core.content.FileProvider"
157-->src\main\AndroidManifest.xml:168:13-62
158            android:authorities="@string/providerAuthority"
158-->src\main\AndroidManifest.xml:169:13-60
159            android:exported="false"
159-->src\main\AndroidManifest.xml:171:13-37
160            android:grantUriPermissions="true" >
160-->src\main\AndroidManifest.xml:170:13-47
161            <meta-data
161-->src\main\AndroidManifest.xml:172:13-174:53
162                android:name="android.support.FILE_PROVIDER_PATHS"
162-->src\main\AndroidManifest.xml:173:17-67
163                android:resource="@xml/filepaths" />
163-->src\main\AndroidManifest.xml:174:17-50
164        </provider>
165
166        <service
166-->src\main\AndroidManifest.xml:177:9-192:19
167            android:name="com.finsight.app.DelegationService"
167-->src\main\AndroidManifest.xml:178:13-46
168            android:enabled="@bool/enableNotification"
168-->src\main\AndroidManifest.xml:179:13-55
169            android:exported="@bool/enableNotification" >
169-->src\main\AndroidManifest.xml:180:13-56
170            <meta-data
170-->src\main\AndroidManifest.xml:183:17-185:73
171                android:name="android.support.customtabs.trusted.SMALL_ICON"
171-->src\main\AndroidManifest.xml:184:21-81
172                android:resource="@drawable/ic_notification_icon" />
172-->src\main\AndroidManifest.xml:185:21-70
173
174            <intent-filter>
174-->src\main\AndroidManifest.xml:188:13-191:29
175                <action android:name="android.support.customtabs.trusted.TRUSTED_WEB_ACTIVITY_SERVICE" />
175-->src\main\AndroidManifest.xml:189:17-105
175-->src\main\AndroidManifest.xml:189:25-103
176
177                <category android:name="android.intent.category.DEFAULT" />
177-->src\main\AndroidManifest.xml:74:21-80
177-->src\main\AndroidManifest.xml:74:31-77
178            </intent-filter>
179        </service>
180
181        <activity android:name="com.google.androidbrowserhelper.trusted.NotificationPermissionRequestActivity" />
181-->src\main\AndroidManifest.xml:195:13-118
181-->src\main\AndroidManifest.xml:195:23-115
182
183        <receiver
183-->src\main\AndroidManifest.xml:197:9-209:20
184            android:name="com.finsight.app.ExpenseWidget"
184-->src\main\AndroidManifest.xml:198:13-42
185            android:exported="true" >
185-->src\main\AndroidManifest.xml:199:13-36
186            <intent-filter>
186-->src\main\AndroidManifest.xml:201:13-203:29
187                <action android:name="android.appwidget.action.APPWIDGET_UPDATE" />
187-->src\main\AndroidManifest.xml:202:17-84
187-->src\main\AndroidManifest.xml:202:25-81
188            </intent-filter>
189
190            <meta-data
190-->src\main\AndroidManifest.xml:205:13-207:63
191                android:name="android.appwidget.provider"
191-->src\main\AndroidManifest.xml:206:17-58
192                android:resource="@xml/expense_widget_info" />
192-->src\main\AndroidManifest.xml:207:17-60
193        </receiver>
194
195        <activity
195-->src\main\AndroidManifest.xml:210:9-212:40
196            android:name="com.finsight.app.VoiceInputActivity"
196-->src\main\AndroidManifest.xml:211:13-47
197            android:exported="false" />
197-->src\main\AndroidManifest.xml:212:13-37
198
199        <provider
199-->[androidx.emoji2:emoji2:1.3.0] AndroidManifest.xml:24:9-32:20
200            android:name="androidx.startup.InitializationProvider"
200-->[androidx.emoji2:emoji2:1.3.0] AndroidManifest.xml:25:13-67
201            android:authorities="com.finsight.app.androidx-startup"
201-->[androidx.emoji2:emoji2:1.3.0] AndroidManifest.xml:26:13-68
202            android:exported="false" >
202-->[androidx.emoji2:emoji2:1.3.0] AndroidManifest.xml:27:13-37
203            <meta-data
203-->[androidx.emoji2:emoji2:1.3.0] AndroidManifest.xml:29:13-31:52
204                android:name="androidx.emoji2.text.EmojiCompatInitializer"
204-->[androidx.emoji2:emoji2:1.3.0] AndroidManifest.xml:30:17-75
205                android:value="androidx.startup" />
205-->[androidx.emoji2:emoji2:1.3.0] AndroidManifest.xml:31:17-49
206            <meta-data
206-->[androidx.lifecycle:lifecycle-process:2.6.2] AndroidManifest.xml:29:13-31:52
207                android:name="androidx.lifecycle.ProcessLifecycleInitializer"
207-->[androidx.lifecycle:lifecycle-process:2.6.2] AndroidManifest.xml:30:17-78
208                android:value="androidx.startup" />
208-->[androidx.lifecycle:lifecycle-process:2.6.2] AndroidManifest.xml:31:17-49
209            <meta-data
209-->[androidx.profileinstaller:profileinstaller:1.3.1] AndroidManifest.xml:29:13-31:52
210                android:name="androidx.profileinstaller.ProfileInstallerInitializer"
210-->[androidx.profileinstaller:profileinstaller:1.3.1] AndroidManifest.xml:30:17-85
211                android:value="androidx.startup" />
211-->[androidx.profileinstaller:profileinstaller:1.3.1] AndroidManifest.xml:31:17-49
212        </provider>
213
214        <receiver
214-->[androidx.profileinstaller:profileinstaller:1.3.1] AndroidManifest.xml:34:9-52:20
215            android:name="androidx.profileinstaller.ProfileInstallReceiver"
215-->[androidx.profileinstaller:profileinstaller:1.3.1] AndroidManifest.xml:35:13-76
216            android:directBootAware="false"
216-->[androidx.profileinstaller:profileinstaller:1.3.1] AndroidManifest.xml:36:13-44
217            android:enabled="true"
217-->[androidx.profileinstaller:profileinstaller:1.3.1] AndroidManifest.xml:37:13-35
218            android:exported="true"
218-->[androidx.profileinstaller:profileinstaller:1.3.1] AndroidManifest.xml:38:13-36
219            android:permission="android.permission.DUMP" >
219-->[androidx.profileinstaller:profileinstaller:1.3.1] AndroidManifest.xml:39:13-57
220            <intent-filter>
220-->[androidx.profileinstaller:profileinstaller:1.3.1] AndroidManifest.xml:40:13-42:29
221                <action android:name="androidx.profileinstaller.action.INSTALL_PROFILE" />
221-->[androidx.profileinstaller:profileinstaller:1.3.1] AndroidManifest.xml:41:17-91
221-->[androidx.profileinstaller:profileinstaller:1.3.1] AndroidManifest.xml:41:25-88
222            </intent-filter>
223            <intent-filter>
223-->[androidx.profileinstaller:profileinstaller:1.3.1] AndroidManifest.xml:43:13-45:29
224                <action android:name="androidx.profileinstaller.action.SKIP_FILE" />
224-->[androidx.profileinstaller:profileinstaller:1.3.1] AndroidManifest.xml:44:17-85
224-->[androidx.profileinstaller:profileinstaller:1.3.1] AndroidManifest.xml:44:25-82
225            </intent-filter>
226            <intent-filter>
226-->[androidx.profileinstaller:profileinstaller:1.3.1] AndroidManifest.xml:46:13-48:29
227                <action android:name="androidx.profileinstaller.action.SAVE_PROFILE" />
227-->[androidx.profileinstaller:profileinstaller:1.3.1] AndroidManifest.xml:47:17-88
227-->[androidx.profileinstaller:profileinstaller:1.3.1] AndroidManifest.xml:47:25-85
228            </intent-filter>
229            <intent-filter>
229-->[androidx.profileinstaller:profileinstaller:1.3.1] AndroidManifest.xml:49:13-51:29
230                <action android:name="androidx.profileinstaller.action.BENCHMARK_OPERATION" />
230-->[androidx.profileinstaller:profileinstaller:1.3.1] AndroidManifest.xml:50:17-95
230-->[androidx.profileinstaller:profileinstaller:1.3.1] AndroidManifest.xml:50:25-92
231            </intent-filter>
232        </receiver>
233    </application>
234
235</manifest>